"D:/Users/shado/Documents/GitHub/test2D_Saferoom/Content/2DSideScroller/Sprites/CLOCKROOM_V_2_Sprite.uasset" 0
"D:/Users/shado/Documents/GitHub/test2D_Saferoom/Content/2dSideScroller/Textures/2DBackgroundTile.uasset" 1
"D:/Users/shado/Documents/GitHub/test2D_Saferoom/Content/2DSideScroller/Materials/PrototypingSpriteMaterial.uasset" 2
"D:/Users/shado/Documents/GitHub/test2D_Saferoom/Content/2DSideScroller/Sprites/PrototypingSprite.uasset" 3
"D:/Users/shado/Documents/GitHub/test2D_Saferoom/Content/2DSideScrollerBP/2DSideScrollerOverview.uasset" 4
"D:/Users/shado/Documents/GitHub/test2D_Saferoom/Content/2DSideScrollerBP/TestMAT.uasset" 5
"D:/Users/shado/Documents/GitHub/test2D_Saferoom/Content/2DSideScrollerBP/Sheets_BG/CLOCKROOM_BackBridge.uasset" 6
"D:/Users/shado/Documents/GitHub/test2D_Saferoom/Content/2DSideScrollerBP/Sheets_BG/CLOCKROOM_BackBridge_Sprite_0.uasset" 7
"D:/Users/shado/Documents/GitHub/test2D_Saferoom/Content/2DSideScrollerBP/Sheets_BG/CLOCKROOM_BG.uasset" 8
"D:/Users/shado/Documents/GitHub/test2D_Saferoom/Content/2DSideScrollerBP/Sheets_BG/CLOCKROOM_BG_Sprite_0.uasset" 9
"D:/Users/shado/Documents/GitHub/test2D_Saferoom/Content/2DSideScrollerBP/Sheets_BG/CLOCKROOM_FrontLayer.uasset" 10
"D:/Users/shado/Documents/GitHub/test2D_Saferoom/Content/2DSideScrollerBP/Sheets_BG/CLOCKROOM_FrontLayer_Sprite_0.uasset" 11
"D:/Users/shado/Documents/GitHub/test2D_Saferoom/Content/2DSideScrollerBP/Sheets_BG/CLOCKROOM_MidGround_Still.uasset" 12
"D:/Users/shado/Documents/GitHub/test2D_Saferoom/Content/2DSideScrollerBP/Sheets_BG/CLOCKROOM_MidGround_Still_Sprite_0.uasset" 13
"D:/Users/shado/Documents/GitHub/test2D_Saferoom/Content/2DSideScrollerBP/SpriteSheets_C/SelfWorth_Idle.uasset" 14
"D:/Users/shado/Documents/GitHub/test2D_Saferoom/Content/2DSideScrollerBP/Textures/CLOCKROOM_V_2.uasset" 15
"D:/Users/shado/Documents/GitHub/test2D_Saferoom/Content/Mannequin/Character/Mesh/UE4_Mannequin_Skeleton.uasset" 16
"D:/Users/shado/Documents/GitHub/test2D_Saferoom/Content/Mannequin/Animations/ThirdPersonJump_End.uasset" 17
"D:/Users/shado/Documents/GitHub/test2D_Saferoom/Content/SAFEROOM/SPRITES/BulletHell_Sprites/BH_temp_enemyBig.uasset" 18
"../../Plugins/2D/Paper2D/Content/PlaceholderTextures/DummySpriteTexture.uasset" 19
"../../Plugins/2D/Paper2D/Content/DefaultSpriteMaterial.uasset" 20
"../../Plugins/2D/Paper2D/Content/TranslucentUnlitSpriteMaterial.uasset" 21
"D:/Users/shado/Documents/GitHub/test2D_Saferoom/Content/SAFEROOM/SPRITES/BulletHell_Sprites/BH_temp_enemyBig_Sprite.uasset" 22
"D:/Users/shado/Documents/GitHub/test2D_Saferoom/Content/SAFEROOM/BH_temp_enemyBig_Sprite.uasset" 23
"D:/Users/shado/Documents/GitHub/test2D_Saferoom/Content/SAFEROOM/SPRITES/BulletHell_Sprites/BH_temp_enemy.uasset" 24
"D:/Users/shado/Documents/GitHub/test2D_Saferoom/Content/SAFEROOM/SPRITES/BulletHell_Sprites/BH_temp_enemy_Sprite.uasset" 25
"D:/Users/shado/Documents/GitHub/test2D_Saferoom/Content/SAFEROOM/SPRITES/BulletHell_Sprites/BH_temp_EnemyAttack.uasset" 26
"D:/Users/shado/Documents/GitHub/test2D_Saferoom/Content/SAFEROOM/SPRITES/BulletHell_Sprites/BH_temp_EnemyAttack_Sprite.uasset" 27
"D:/Users/shado/Documents/GitHub/test2D_Saferoom/Content/SAFEROOM/SPRITES/BulletHell_Sprites/BH_temp_Arrow.uasset" 28
"D:/Users/shado/Documents/GitHub/test2D_Saferoom/Content/SAFEROOM/SPRITES/BulletHell_Sprites/BH_temp_Arrow_Sprite.uasset" 29
"D:/Users/shado/Documents/GitHub/test2D_Saferoom/Content/SAFEROOM/Blueprint/BulletHell/BP_BH_Bullet.uasset" 30
"../../../Engine/Content/EditorBlueprintResources/StandardMacros.uasset" 31
"D:/Users/shado/Documents/GitHub/test2D_Saferoom/Content/SAFEROOM/SPRITES/BulletHell_Sprites/BH_temp_player.uasset" 32
"D:/Users/shado/Documents/GitHub/test2D_Saferoom/Content/SAFEROOM/SPRITES/BulletHell_Sprites/BH_temp_player_Sprite.uasset" 33
"D:/Users/shado/Documents/GitHub/test2D_Saferoom/Content/SAFEROOM/Menus/Options_PAUSE.uasset" 34
"D:/Users/shado/Documents/GitHub/test2D_Saferoom/Content/SAFEROOM/Menus/HalfTransparentBlack.uasset" 35
"D:/Users/shado/Documents/GitHub/test2D_Saferoom/Content/SAFEROOM/Menus/PauseMenu.uasset" 36
"D:/Users/shado/Documents/GitHub/test2D_Saferoom/Content/SAFEROOM/Blueprint/BulletHell/BP_BH_Player.uasset" 37
"D:/Users/shado/Documents/GitHub/test2D_Saferoom/Content/SAFEROOM/Blueprint/BulletHell/BP_BulletHell_GameMode.uasset" 38
"D:/Users/shado/Documents/GitHub/test2D_Saferoom/Content/SAFEROOM/Blueprint/BulletHell/BP_BH_Enemy.uasset" 39
"D:/Users/shado/Documents/GitHub/test2D_Saferoom/Content/SAFEROOM/BP_BH_Enemy.uasset" 40
"../../../Engine/Content/EngineMaterials/T_Default_Material_Grid_N.uasset" 41
"../../../Engine/Content/EngineMaterials/T_Default_Material_Grid_M.uasset" 42
"../../../Engine/Content/Functions/Engine_MaterialFunctions01/Opacity/CameraDepthFade.uasset" 43
"../../../Engine/Content/EngineMaterials/WorldGridMaterial.uasset" 44
"../../../Engine/Content/BasicShapes/Cube.uasset" 45
"D:/Users/shado/Documents/GitHub/test2D_Saferoom/Content/SAFEROOM/SPRITES/BulletHell_Sprites/MAT_UnlitWhite.uasset" 46
"D:/Users/shado/Documents/GitHub/test2D_Saferoom/Content/SAFEROOM/Blueprint/BulletHell/BP_BH_frame.uasset" 47
"D:/Users/shado/Documents/GitHub/test2D_Saferoom/Content/SAFEROOM/BP_BH_frame.uasset" 48
"D:/Users/shado/Documents/GitHub/test2D_Saferoom/Content/SAFEROOM/BP_BH_Player.uasset" 49
"D:/Users/shado/Documents/GitHub/test2D_Saferoom/Content/SAFEROOM/BP_BulletHellGameMode.uasset" 50
"D:/Users/shado/Documents/GitHub/test2D_Saferoom/Content/SAFEROOM/Menus/BulletHell_Widget.uasset" 51
"D:/Users/shado/Documents/GitHub/test2D_Saferoom/Content/SAFEROOM/Widget_BH.uasset" 52
"D:/Users/shado/Documents/GitHub/test2D_Saferoom/Content/SAFEROOM/SPRITES/SpriteSheets_Novo/NovoWalk_SpriteSheet.uasset" 53
"D:/Users/shado/Documents/GitHub/test2D_Saferoom/Content/SAFEROOM/SPRITES/SpriteSheets_Novo/NovoWalk_SpriteSheet_Sprite_9.uasset" 54
"D:/Users/shado/Documents/GitHub/test2D_Saferoom/Content/SAFEROOM/SPRITES/SpriteSheets_Novo/NovoWalk_SpriteSheet_Sprite_8.uasset" 55
"D:/Users/shado/Documents/GitHub/test2D_Saferoom/Content/SAFEROOM/SPRITES/SpriteSheets_Novo/NovoWalk_SpriteSheet_Sprite_7.uasset" 56
"D:/Users/shado/Documents/GitHub/test2D_Saferoom/Content/SAFEROOM/SPRITES/SpriteSheets_Novo/NovoWalk_SpriteSheet_Sprite_6.uasset" 57
"D:/Users/shado/Documents/GitHub/test2D_Saferoom/Content/SAFEROOM/SPRITES/SpriteSheets_Novo/NovoWalk_SpriteSheet_Sprite_5.uasset" 58
"D:/Users/shado/Documents/GitHub/test2D_Saferoom/Content/SAFEROOM/SPRITES/SpriteSheets_Novo/NovoWalk_SpriteSheet_Sprite_4.uasset" 59
"D:/Users/shado/Documents/GitHub/test2D_Saferoom/Content/SAFEROOM/SPRITES/SpriteSheets_Novo/NovoWalk_SpriteSheet_Sprite_3.uasset" 60
"D:/Users/shado/Documents/GitHub/test2D_Saferoom/Content/SAFEROOM/SPRITES/SpriteSheets_Novo/NovoWalk_SpriteSheet_Sprite_2.uasset" 61
"D:/Users/shado/Documents/GitHub/test2D_Saferoom/Content/SAFEROOM/SPRITES/SpriteSheets_Novo/NovoWalk_SpriteSheet_Sprite_15.uasset" 62
"D:/Users/shado/Documents/GitHub/test2D_Saferoom/Content/SAFEROOM/SPRITES/SpriteSheets_Novo/NovoWalk_SpriteSheet_Sprite_14.uasset" 63
"D:/Users/shado/Documents/GitHub/test2D_Saferoom/Content/SAFEROOM/SPRITES/SpriteSheets_Novo/NovoWalk_SpriteSheet_Sprite_13.uasset" 64
"D:/Users/shado/Documents/GitHub/test2D_Saferoom/Content/SAFEROOM/SPRITES/SpriteSheets_Novo/NovoWalk_SpriteSheet_Sprite_12.uasset" 65
"D:/Users/shado/Documents/GitHub/test2D_Saferoom/Content/SAFEROOM/SPRITES/SpriteSheets_Novo/NovoWalk_SpriteSheet_Sprite_11.uasset" 66
"D:/Users/shado/Documents/GitHub/test2D_Saferoom/Content/SAFEROOM/SPRITES/SpriteSheets_Novo/NovoWalk_SpriteSheet_Sprite_10.uasset" 67
"D:/Users/shado/Documents/GitHub/test2D_Saferoom/Content/SAFEROOM/SPRITES/SpriteSheets_Novo/NovoWalk_SpriteSheet_Sprite_1.uasset" 68
"D:/Users/shado/Documents/GitHub/test2D_Saferoom/Content/SAFEROOM/SPRITES/SpriteSheets_Novo/NovoWalk_SpriteSheet_Sprite_0.uasset" 69
"D:/Users/shado/Documents/GitHub/test2D_Saferoom/Content/SAFEROOM/SPRITES/SpriteSheets_Novo/Novo_WalkSide.uasset" 70
"D:/Users/shado/Documents/GitHub/test2D_Saferoom/Content/SAFEROOM/SPRITES/SpriteSheets_Novo/Novo_IdleFront.uasset" 71
"D:/Users/shado/Documents/GitHub/test2D_Saferoom/Content/SAFEROOM/SPRITES/SpriteSheets_Novo/Novo_IdleFront_Sprite_9.uasset" 72
"D:/Users/shado/Documents/GitHub/test2D_Saferoom/Content/SAFEROOM/SPRITES/SpriteSheets_Novo/Novo_IdleFront_Sprite_8.uasset" 73
"D:/Users/shado/Documents/GitHub/test2D_Saferoom/Content/SAFEROOM/SPRITES/SpriteSheets_Novo/Novo_IdleFront_Sprite_7.uasset" 74
"D:/Users/shado/Documents/GitHub/test2D_Saferoom/Content/SAFEROOM/SPRITES/SpriteSheets_Novo/Novo_IdleFront_Sprite_6.uasset" 75
"D:/Users/shado/Documents/GitHub/test2D_Saferoom/Content/SAFEROOM/SPRITES/SpriteSheets_Novo/Novo_IdleFront_Sprite_5.uasset" 76
"D:/Users/shado/Documents/GitHub/test2D_Saferoom/Content/SAFEROOM/SPRITES/SpriteSheets_Novo/Novo_IdleFront_Sprite_4.uasset" 77
"D:/Users/shado/Documents/GitHub/test2D_Saferoom/Content/SAFEROOM/SPRITES/SpriteSheets_Novo/Novo_IdleFront_Sprite_3.uasset" 78
"D:/Users/shado/Documents/GitHub/test2D_Saferoom/Content/SAFEROOM/SPRITES/SpriteSheets_Novo/Novo_IdleFront_Sprite_2.uasset" 79
"D:/Users/shado/Documents/GitHub/test2D_Saferoom/Content/SAFEROOM/SPRITES/SpriteSheets_Novo/Novo_IdleFront_Sprite_11.uasset" 80
"D:/Users/shado/Documents/GitHub/test2D_Saferoom/Content/SAFEROOM/SPRITES/SpriteSheets_Novo/Novo_IdleFront_Sprite_10.uasset" 81
"D:/Users/shado/Documents/GitHub/test2D_Saferoom/Content/SAFEROOM/SPRITES/SpriteSheets_Novo/Novo_IdleFront_Sprite_1.uasset" 82
"D:/Users/shado/Documents/GitHub/test2D_Saferoom/Content/SAFEROOM/SPRITES/SpriteSheets_Novo/Novo_IdleFront_Sprite_0.uasset" 83
"D:/Users/shado/Documents/GitHub/test2D_Saferoom/Content/SAFEROOM/SPRITES/SpriteSheets_Novo/Novo_IdleAnim.uasset" 84
"D:/Users/shado/Documents/GitHub/test2D_Saferoom/Content/SAFEROOM/Dialouge/DialougeWidget.uasset" 85
"D:/Users/shado/Documents/GitHub/test2D_Saferoom/Content/SAFEROOM/Blueprint/Interact_Interface.uasset" 86
"D:/Users/shado/Documents/GitHub/test2D_Saferoom/Content/2dSideScroller/Textures/2DCharacter_IdleAnimAtlas.uasset" 87
"D:/Users/shado/Documents/GitHub/test2D_Saferoom/Content/2dSideScroller/Sprites/IdleFrames/IdleCycle8.uasset" 88
"D:/Users/shado/Documents/GitHub/test2D_Saferoom/Content/2dSideScroller/Sprites/IdleFrames/IdleCycle7.uasset" 89
"D:/Users/shado/Documents/GitHub/test2D_Saferoom/Content/2dSideScroller/Sprites/IdleFrames/IdleCycle6.uasset" 90
"D:/Users/shado/Documents/GitHub/test2D_Saferoom/Content/2dSideScroller/Sprites/IdleFrames/IdleCycle5.uasset" 91
"D:/Users/shado/Documents/GitHub/test2D_Saferoom/Content/2dSideScroller/Sprites/IdleFrames/IdleCycle4.uasset" 92
"D:/Users/shado/Documents/GitHub/test2D_Saferoom/Content/2dSideScroller/Sprites/IdleFrames/IdleCycle3.uasset" 93
"D:/Users/shado/Documents/GitHub/test2D_Saferoom/Content/2dSideScroller/Sprites/IdleFrames/IdleCycle2.uasset" 94
"D:/Users/shado/Documents/GitHub/test2D_Saferoom/Content/2dSideScroller/Sprites/IdleFrames/IdleCycle1.uasset" 95
"D:/Users/shado/Documents/GitHub/test2D_Saferoom/Content/2DSideScroller/Sprites/IdleAnimation.uasset" 96
"D:/Users/shado/Documents/GitHub/test2D_Saferoom/Content/SAFEROOM/Blueprint/Player/BP_Player.uasset" 97
"D:/Users/shado/Documents/GitHub/test2D_Saferoom/Content/SAFEROOM/Blueprint/BP_Player.uasset" 98
"D:/Users/shado/Documents/GitHub/test2D_Saferoom/Content/SAFEROOM/SPRITES/ClockRoom_BG/C_Handle_Big.uasset" 99
"D:/Users/shado/Documents/GitHub/test2D_Saferoom/Content/SAFEROOM/SPRITES/ClockRoom_BG/C_Handle_Big_Sprite_0.uasset" 100
"D:/Users/shado/Documents/GitHub/test2D_Saferoom/Content/SAFEROOM/Blueprint/Clockhand_Big_BP1.uasset" 101
"D:/Users/shado/Documents/GitHub/test2D_Saferoom/Content/SAFEROOM/Blueprint/Clockhand_Big_BP.uasset" 102
"D:/Users/shado/Documents/GitHub/test2D_Saferoom/Content/SAFEROOM/SPRITES/ClockRoom_BG/C_Handle_Small.uasset" 103
"D:/Users/shado/Documents/GitHub/test2D_Saferoom/Content/SAFEROOM/SPRITES/ClockRoom_BG/C_Handle_Small_Sprite_1.uasset" 104
"D:/Users/shado/Documents/GitHub/test2D_Saferoom/Content/SAFEROOM/Blueprint/Clockhand_Small_BP.uasset" 105
"../../../Engine/Content/EngineMaterials/DefaultMaterial.uasset" 106
"D:/Users/shado/Documents/GitHub/test2D_Saferoom/Content/SAFEROOM/Blueprint/Cone.uasset" 107
"D:/Users/shado/Documents/GitHub/test2D_Saferoom/Content/SAFEROOM/Blueprint/DialougeStructure.uasset" 108
"D:/Users/shado/Documents/GitHub/test2D_Saferoom/Content/SAFEROOM/Blueprint/Dialouge_three_-_Sheet1.uasset" 109
"D:/Users/shado/Documents/GitHub/test2D_Saferoom/Content/SAFEROOM/Blueprint/Dialouge_text.uasset" 110
"D:/Users/shado/Documents/GitHub/test2D_Saferoom/Content/SAFEROOM/Blueprint/Player/Enemy_BP.uasset" 111
"D:/Users/shado/Documents/GitHub/test2D_Saferoom/Content/SAFEROOM/Blueprint/Transition/EndGame.uasset" 112
"../../../Engine/Content/BasicShapes/BasicShapeMaterial.uasset" 113
"D:/Users/shado/Documents/GitHub/test2D_Saferoom/Content/SAFEROOM/Blueprint/Transition/LevelList_Enum.uasset" 114
"D:/Users/shado/Documents/GitHub/test2D_Saferoom/Content/SAFEROOM/Blueprint/Transition/MyGameInstance.uasset" 115
"D:/Users/shado/Documents/GitHub/test2D_Saferoom/Content/SAFEROOM/Blueprint/Transition/Transition_BP.uasset" 116
"D:/Users/shado/Documents/GitHub/test2D_Saferoom/Content/Mannequin/Character/Mesh/SK_Mannequin_PhysicsAsset.uasset" 117
"D:/Users/shado/Documents/GitHub/test2D_Saferoom/Content/Mannequin/Character/Textures/UE4Man_Logo_N.uasset" 118
"D:/Users/shado/Documents/GitHub/test2D_Saferoom/Content/Mannequin/Character/Textures/UE4_Mannequin_MAT_MASKA.uasset" 119
"D:/Users/shado/Documents/GitHub/test2D_Saferoom/Content/Mannequin/Character/Textures/UE4_Mannequin__normals.uasset" 120
"D:/Users/shado/Documents/GitHub/test2D_Saferoom/Content/Mannequin/Character/Materials/MaterialLayers/T_ML_Aluminum01_N.uasset" 121
"D:/Users/shado/Documents/GitHub/test2D_Saferoom/Content/Mannequin/Character/Materials/MaterialLayers/T_ML_Aluminum01.uasset" 122
"D:/Users/shado/Documents/GitHub/test2D_Saferoom/Content/Mannequin/Character/Materials/MaterialLayers/ML_SoftMetal_UE4.uasset" 123
"D:/Users/shado/Documents/GitHub/test2D_Saferoom/Content/Mannequin/Character/Textures/UE4_LOGO_CARD.uasset" 124
"D:/Users/shado/Documents/GitHub/test2D_Saferoom/Content/Mannequin/Character/Materials/MaterialLayers/ML_Plastic_Shiny_Beige_LOGO.uasset" 125
"D:/Users/shado/Documents/GitHub/test2D_Saferoom/Content/Mannequin/Character/Materials/MaterialLayers/ML_Plastic_Shiny_Beige.uasset" 126
"D:/Users/shado/Documents/GitHub/test2D_Saferoom/Content/Mannequin/Character/Materials/MaterialLayers/T_ML_Rubber_Blue_01_N.uasset" 127
"D:/Users/shado/Documents/GitHub/test2D_Saferoom/Content/Mannequin/Character/Materials/MaterialLayers/T_ML_Rubber_Blue_01_D.uasset" 128
"D:/Users/shado/Documents/GitHub/test2D_Saferoom/Content/Mannequin/Character/Materials/MaterialLayers/ML_GlossyBlack_Latex_UE4.uasset" 129
"../../../Engine/Content/Functions/MaterialLayerFunctions/MatLayerBlend_Simple.uasset" 130
"../../../Engine/Content/Functions/Engine_MaterialFunctions02/Utility/BlendAngleCorrectedNormals.uasset" 131
"../../../Engine/Content/Functions/MaterialLayerFunctions/MatLayerBlend_NormalBlend.uasset" 132
"D:/Users/shado/Documents/GitHub/test2D_Saferoom/Content/Mannequin/Character/Materials/M_UE4Man_Body.uasset" 133
"D:/Users/shado/Documents/GitHub/test2D_Saferoom/Content/Mannequin/Character/Materials/M_UE4Man_ChestLogo.uasset" 134
"D:/Users/shado/Documents/GitHub/test2D_Saferoom/Content/Mannequin/Character/Mesh/SK_Mannequin.uasset" 135
"D:/Users/shado/Documents/GitHub/test2D_Saferoom/Content/Mannequin/Animations/ThirdPersonWalk.uasset" 136
"D:/Users/shado/Documents/GitHub/test2D_Saferoom/Content/Mannequin/Animations/ThirdPersonRun.uasset" 137
"D:/Users/shado/Documents/GitHub/test2D_Saferoom/Content/Mannequin/Animations/ThirdPersonIdle.uasset" 138
"D:/Users/shado/Documents/GitHub/test2D_Saferoom/Content/Mannequin/Animations/ThirdPerson_IdleRun_2D.uasset" 139
"D:/Users/shado/Documents/GitHub/test2D_Saferoom/Content/Mannequin/Animations/ThirdPerson_Jump.uasset" 140
"D:/Users/shado/Documents/GitHub/test2D_Saferoom/Content/Mannequin/Animations/ThirdPersonJump_Start.uasset" 141
"D:/Users/shado/Documents/GitHub/test2D_Saferoom/Content/Mannequin/Animations/ThirdPersonJump_Loop.uasset" 142
"D:/Users/shado/Documents/GitHub/test2D_Saferoom/Content/Mannequin/Animations/ThirdPerson_AnimBP.uasset" 143
"D:/Users/shado/Documents/GitHub/test2D_Saferoom/Content/ThirdPersonBP/Blueprints/ThirdPersonCharacter.uasset" 144
"D:/Users/shado/Documents/GitHub/test2D_Saferoom/Content/SAFEROOM/Levels/3rdPersonGameMode.uasset" 145
"D:/Users/shado/Documents/GitHub/test2D_Saferoom/Content/SAFEROOM/Blueprint/Transition/TriggerBox_Blueprint.uasset" 146
"D:/Users/shado/Documents/GitHub/test2D_Saferoom/Content/SAFEROOM/Levels/TriggerBox_Blueprint.uasset" 147
"D:/Users/shado/Documents/GitHub/test2D_Saferoom/Content/SAFEROOM/Menus/BACK.uasset" 148
"D:/Users/shado/Documents/GitHub/test2D_Saferoom/Content/SAFEROOM/Menus/CONTROLS.uasset" 149
"D:/Users/shado/Documents/GitHub/test2D_Saferoom/Content/SAFEROOM/Menus/Main_menu/Main_Menu.uasset" 150
"D:/Users/shado/Documents/GitHub/test2D_Saferoom/Content/SAFEROOM/Menus/Main_menu/Options.uasset" 151
"D:/Users/shado/Documents/GitHub/test2D_Saferoom/Content/SAFEROOM/Menus/Options.uasset" 152
"D:/Users/shado/Documents/GitHub/test2D_Saferoom/Content/SAFEROOM/Menus/PLAY.uasset" 153
"D:/Users/shado/Documents/GitHub/test2D_Saferoom/Content/SAFEROOM/Menus/QUIT.uasset" 154
"D:/Users/shado/Documents/GitHub/test2D_Saferoom/Content/SAFEROOM/Menus/RESUME_GAME.uasset" 155
"D:/Users/shado/Documents/GitHub/test2D_Saferoom/Content/SAFEROOM/Menus/Main_Menu.uasset" 156
"D:/Users/shado/Documents/GitHub/test2D_Saferoom/Content/SAFEROOM/Menus/TitleMenu.uasset" 157
"D:/Users/shado/Documents/GitHub/test2D_Saferoom/Content/SAFEROOM/Menus/UNDERLINE.uasset" 158
"D:/Users/shado/Documents/GitHub/test2D_Saferoom/Content/SAFEROOM/NPC/NPC_Character.uasset" 159
"D:/Users/shado/Documents/GitHub/test2D_Saferoom/Content/SAFEROOM/NPC/Sphere.uasset" 160
"D:/Users/shado/Documents/GitHub/test2D_Saferoom/Content/SAFEROOM/Sound/Music/derpession_theme_3_2_2021.uasset" 161
"D:/Users/shado/Documents/GitHub/test2D_Saferoom/Content/SAFEROOM/Sound/Music/Hands_of_Time__jealousy__2_3_2021.uasset" 162
"D:/Users/shado/Documents/GitHub/test2D_Saferoom/Content/SAFEROOM/Sound/Music/keplers_theme_2_3_2021.uasset" 163
"D:/Users/shado/Documents/GitHub/test2D_Saferoom/Content/SAFEROOM/SPRITES/ClockRoom_BG/BG_BP.uasset" 164
"D:/Users/shado/Documents/GitHub/test2D_Saferoom/Content/SAFEROOM/SPRITES/ClockRoom_BG/CLOCKROOM_BG_clouds.uasset" 165
"D:/Users/shado/Documents/GitHub/test2D_Saferoom/Content/SAFEROOM/SPRITES/SpriteSheets_Novo/SW_SpriteSheet_Test.uasset" 166
"D:/Users/shado/Documents/GitHub/test2D_Saferoom/Content/SAFEROOM/SPRITES/SpriteSheets_SW/SW_Quad_Idle_Sheet.uasset" 167
"D:/Users/shado/Documents/GitHub/test2D_Saferoom/Content/SAFEROOM/Dialouge/Struct_Dialogue.uasset" 168
"D:/Users/shado/Documents/GitHub/test2D_Saferoom/Content/SAFEROOM/Dialouge/DT_GameDialogue.uasset" 169
"D:/Users/shado/Documents/GitHub/test2D_Saferoom/Content/SAFEROOM/Dialouge/BPC_Dialogue.uasset" 170
"D:/Users/shado/Documents/GitHub/test2D_Saferoom/Content/SAFEROOM/Dialouge/W_Dialogue_Box.uasset" 171
"D:/Users/shado/Documents/GitHub/test2D_Saferoom/Content/SAFEROOM/Dialouge/TriggerBox_Blueprint.uasset" 172
"D:/Users/shado/Documents/GitHub/test2D_Saferoom/Content/SAFEROOM/SPRITES/Start_BG/Start_Mid3.uasset" 173
"D:/Users/shado/Documents/GitHub/test2D_Saferoom/Content/SAFEROOM/SPRITES/Start_BG/Start_Mid3_Sprite_0.uasset" 174
"D:/Users/shado/Documents/GitHub/test2D_Saferoom/Content/ThirdPersonBP/ThirdPersonOverview.uasset" 175
"D:/Users/shado/Documents/GitHub/test2D_Saferoom/Content/ThirdPersonBP/Blueprints/ThirdPersonGameMode.uasset" 176
"../../../Engine/Content/Animation/DefaultAnimBoneCompressionSettings.uasset" 177
"../../../Engine/Content/Animation/DefaultAnimCurveCompressionSettings.uasset" 178
"../../../Engine/Content/ArtTools/RenderToTexture/Meshes/S_1_Unit_Plane.uasset" 179
"../../../Engine/Content/BasicShapes/Cone.uasset" 180
"../../../Engine/Content/BasicShapes/Plane.uasset" 181
"../../../Engine/Content/BasicShapes/Sphere.uasset" 182
"../../../Engine/Content/EditorLandscapeResources/DataLayer.uasset" 183
"../../../Engine/Content/EditorLandscapeResources/DefaultAlphaTexture.uasset" 184
"../../../Engine/Content/EditorMaterials/MAT_Groups_Toggle.uasset" 185
"../../../Engine/Content/EditorMaterials/MAT_Groups_Visibility.uasset" 186
"../../../Engine/Content/EditorMaterials/PreviewShadowIndicator.uasset" 187
"../../../Engine/Content/EditorMaterials/PreviewShadowIndicatorMaterial.uasset" 188
"../../../Engine/Content/EditorMaterials/MatineeGroups/MAT_ColorTrack.uasset" 189
"../../../Engine/Content/EditorMaterials/MatineeGroups/MAT_Groups_Anim.uasset" 190
"../../../Engine/Content/EditorMaterials/MatineeGroups/MAT_Groups_AudioMaster.uasset" 191
"../../../Engine/Content/EditorMaterials/MatineeGroups/MAT_Groups_Director.uasset" 192
"../../../Engine/Content/EditorMaterials/MatineeGroups/MAT_Groups_Event.uasset" 193
"../../../Engine/Content/EditorMaterials/MatineeGroups/MAT_Groups_Fade.uasset" 194
"../../../Engine/Content/EditorMaterials/MatineeGroups/MAT_Groups_Float.uasset" 195
"../../../Engine/Content/EditorMaterials/MatineeGroups/MAT_Groups_Move.uasset" 196
"../../../Engine/Content/EditorMaterials/MatineeGroups/MAT_Groups_Slomo.uasset" 197
"../../../Engine/Content/EditorMaterials/MatineeGroups/MAT_Groups_Sound.uasset" 198
"../../../Engine/Content/EditorMaterials/MatineeGroups/MAT_Groups_Vector.uasset" 199
"../../../Engine/Content/EditorMaterials/ParticleSystems/PSysThumbnail_NoImage.uasset" 200
"../../../Engine/Content/EditorMaterials/ParticleSystems/PSysThumbnail_OOD.uasset" 201
"../../../Engine/Content/EditorMaterials/Camera/CineMat.uasset" 202
"../../../Engine/Content/EditorMaterials/Camera/MI_CineMat_Rig.uasset" 203
"../../../Engine/Content/EditorMeshes/Camera/SM_CraneRig_Arm.uasset" 204
"../../../Engine/Content/EditorMeshes/Camera/SM_CraneRig_Base.uasset" 205
"../../../Engine/Content/EditorMeshes/Camera/SM_CraneRig_Body.uasset" 206
"../../../Engine/Content/EditorMeshes/Camera/SM_CraneRig_Mount.uasset" 207
"../../../Engine/Content/EditorMeshes/Camera/SM_RailRig_Mount.uasset" 208
"../../../Engine/Content/EditorMeshes/Camera/SM_RailRig_Track.uasset" 209
"../../../Engine/Content/EditorResources/BSPVertex.uasset" 210
"../../../Engine/Content/EditorResources/EmptyActor.uasset" 211
"../../../Engine/Content/EditorResources/S_Actor.uasset" 212
"../../../Engine/Content/EditorResources/S_Note.uasset" 213
"../../../Engine/Content/EditorResources/S_Solver.uasset" 214
"../../../Engine/Content/EditorResources/S_Terrain.uasset" 215
"../../../Engine/Content/EditorResources/S_Trigger.uasset" 216
"../../../Engine/Content/EditorResources/LightIcons/S_LightError.uasset" 217
"../../../Engine/Content/EditorResources/SequenceRecorder/Countdown.uasset" 218
"../../../Engine/Content/EditorResources/SequenceRecorder/RecordingIndicator.uasset" 219
"../../../Engine/Content/EngineDamageTypes/DmgTypeBP_Environmental.uasset" 220
"../../../Engine/Content/EngineDebugMaterials/DebugEditorMaterial.uasset" 221
"../../../Engine/Content/EngineDebugMaterials/DebugMeshMaterial.uasset" 222
"../../../Engine/Content/EngineDebugMaterials/M_SimpleUnlitTranslucent.uasset" 223
"../../../Engine/Content/EngineDebugMaterials/VolumeToRender.uasset" 224
"../../../Engine/Content/Functions/Engine_MaterialFunctions02/Utility/CameraDirectionVector.uasset" 225
"../../../Engine/Content/EngineDebugMaterials/M_VolumeRenderSphereTracePP.uasset" 226
"../../../Engine/Content/Functions/Engine_MaterialFunctions01/Shading/ConvertFromDiffSpec.uasset" 227
"../../../Engine/Content/EngineDebugMaterials/VertexColorMaterial.uasset" 228
"../../../Engine/Content/EngineDebugMaterials/WireframeMaterial.uasset" 229
"../../../Engine/Content/EngineFonts/Faces/RobotoRegular.uasset" 230
"../../../Engine/Content/EngineFonts/Faces/RobotoLight.uasset" 231
"../../../Engine/Content/EngineFonts/Faces/RobotoItalic.uasset" 232
"../../../Engine/Content/EngineFonts/Faces/RobotoBoldItalic.uasset" 233
"../../../Engine/Content/EngineFonts/Faces/RobotoBold.uasset" 234
"../../../Engine/Content/EngineFonts/Faces/DroidSansFallback.uasset" 235
"../../../Engine/Content/EngineFonts/Roboto.uasset" 236
"../../../Engine/Content/EngineMaterials/BaseFlattenNormalMap.uasset" 237
"../../../Engine/Content/EngineMaterials/BaseFlattenGrayscaleMap.uasset" 238
"../../../Engine/Content/EngineMaterials/BaseFlattenEmissiveMap.uasset" 239
"../../../Engine/Content/EngineMaterials/BaseFlattenDiffuseMap.uasset" 240
"../../../Engine/Content/EngineMaterials/BaseFlattenMaterial.uasset" 241
"../../../Engine/Content/EngineMaterials/BlueNoise.uasset" 242
"../../../Engine/Content/EngineMaterials/DefaultBloomKernel.uasset" 243
"../../../Engine/Content/EngineMaterials/DefaultBokeh.uasset" 244
"../../../Engine/Content/EngineMaterials/DefaultDiffuse.uasset" 245
"../../../Engine/Content/EngineMaterials/DefaultDeferredDecalMaterial.uasset" 246
"../../../Engine/Content/EngineMaterials/DefaultLightFunctionMaterial.uasset" 247
"../../../Engine/Content/EngineMaterials/DefaultPhysicalMaterial.uasset" 248
"../../../Engine/Content/Functions/Engine_MaterialFunctions02/Utility/BreakOutFloat2Components.uasset" 249
"../../../Engine/Content/EngineMaterials/DefaultPostProcessMaterial.uasset" 250
"../../../Engine/Content/EngineFonts/RobotoDistanceField.uasset" 251
"../../../Engine/Content/EngineMaterials/DefaultTextMaterialOpaque.uasset" 252
"../../../Engine/Content/EngineMaterials/DefaultWhiteGrid.uasset" 253
"../../../Engine/Content/EngineMaterials/DefaultWhiteGrid_Low.uasset" 254
"../../../Engine/Content/EngineMaterials/EmissiveMeshMaterial.uasset" 255
"../../../Engine/Content/EngineMaterials/GizmoMaterial.uasset" 256
"../../../Engine/Content/EngineMaterials/Good64x64TilingNoiseHighFreq.uasset" 257
"../../../Engine/Content/EngineMaterials/MiniFont.uasset" 258
"../../../Engine/Content/EngineMaterials/InvalidLightmapSettings.uasset" 259
"../../../Engine/Content/EngineMaterials/M_InvalidLightmapSettings.uasset" 260
"../../../Engine/Content/Functions/Engine_MaterialFunctions02/WorldPositionOffset/CameraOffset.uasset" 261
"../../../Engine/Content/EngineMaterials/PhAT_JointLimitMaterial.uasset" 262
"../../../Engine/Content/EngineMaterials/PreintegratedSkinBRDF.uasset" 263
"../../../Engine/Content/EngineMaterials/RemoveSurfaceMaterial.uasset" 264
"../../../Engine/Content/EngineMaterials/WeightMapPlaceholderTexture.uasset" 265
"../../../Engine/Content/EngineResources/WhiteSquareTexture.uasset" 266
"../../../Engine/Content/EngineMaterials/Widget3DPassThrough.uasset" 267
"../../../Engine/Content/EngineMaterials/Widget3DPassThrough_Masked.uasset" 268
"../../../Engine/Content/EngineMaterials/Widget3DPassThrough_Opaque.uasset" 269
"../../../Engine/Content/EngineMaterials/Widget3DPassThrough_Masked_OneSided.uasset" 270
"../../../Engine/Content/EngineMaterials/Widget3DPassThrough_Opaque_OneSided.uasset" 271
"../../../Engine/Content/EngineMaterials/Widget3DPassThrough_Translucent.uasset" 272
"../../../Engine/Content/EngineMaterials/Widget3DPassThrough_Translucent_OneSided.uasset" 273
"../../../Engine/Content/EngineMeshes/Cylinder.uasset" 274
"../../../Engine/Content/EngineMeshes/Sphere.uasset" 275
"../../../Engine/Content/EngineResources/Black.uasset" 276
"../../../Engine/Content/EngineResources/DefaultTextureCube.uasset" 277
"../../../Engine/Content/EngineResources/DefaultVolumeTexture2D.uasset" 278
"../../../Engine/Content/EngineResources/DefaultVolumeTexture.uasset" 279
"../../../Engine/Content/EngineResources/GradientTexture0.uasset" 280
"../../../Engine/Content/EngineSky/VolumetricClouds/T_NoiseShape64.uasset" 281
"../../../Engine/Content/EngineSky/VolumetricClouds/T_VolumeNoiseShape64.uasset" 282
"../../../Engine/Content/EngineSky/VolumetricClouds/T_NoiseErosion.uasset" 283
"../../../Engine/Content/EngineSky/VolumetricClouds/T_VolumeNoiseErosion32.uasset" 284
"../../../Engine/Content/EngineSky/VolumetricClouds/CloudWeatherTexture.uasset" 285
"../../../Engine/Content/EngineSky/VolumetricClouds/CloudGradientTexture.uasset" 286
"../../../Engine/Content/Functions/Engine_MaterialFunctions02/Utility/MakeFloat2.uasset" 287
"../../../Engine/Content/EngineSky/VolumetricClouds/m_SimpleVolumetricCloud.uasset" 288
"../../../Engine/Content/EngineSky/VolumetricClouds/m_SimpleVolumetricCloud_Inst.uasset" 289
"../../../Engine/Content/EngineSounds/Master.uasset" 290
"../../../Engine/Content/Functions/Engine_MaterialFunctions01/Shading/PowerToRoughness.uasset" 291
"../../../Engine/Content/Maps/Templates/Thumbnails/Default.uasset" 292
"../../../Engine/Content/Maps/Templates/Thumbnails/TimeOfDay.uasset" 293
"../../../Engine/Content/Maps/Templates/Thumbnails/VR-Basic.uasset" 294
"../../../Engine/Content/MobileResources/T_MobileControls_texture.uasset" 295
"../../../Engine/Content/MobileResources/T_MobileMenu2.uasset" 296
"../../../Engine/Content/MobileResources/HUD/AnalogHat.uasset" 297
"../../../Engine/Content/MobileResources/HUD/VirtualJoystick_Thumb.uasset" 298
"../../../Engine/Content/MobileResources/HUD/VirtualJoystick_Background.uasset" 299
"../../../Engine/Content/MobileResources/HUD/DefaultVirtualJoysticks.uasset" 300
"../../../Engine/Content/MobileResources/HUD/LeftVirtualJoystickOnly.uasset" 301
"../../../Engine/Content/MobileResources/HUD/MobileHUDButton1_off.uasset" 302
"../../../Engine/Content/MobileResources/HUD/MobileHUDButton1_on.uasset" 303
"../../../Engine/Content/MobileResources/HUD/MobileHUDButton2_off.uasset" 304
"../../../Engine/Content/MobileResources/HUD/MobileHUDButton2_on.uasset" 305
"../../../Engine/Content/MobileResources/HUD/MobileHUDButton3.uasset" 306
"../../../Engine/Content/MobileResources/HUD/MobileHUDButtonFire.uasset" 307
"../../../Engine/Content/MobileResources/HUD/MobileHUDDirectionPad.uasset" 308
"../../../Engine/Content/MobileResources/HUD/MobileHUDDirectionPad2.uasset" 309
"../../../Engine/Content/MobileResources/HUD/MobileHUDDirectionPad3.uasset" 310
"../../../Engine/Content/MobileResources/HUD/MobileHUDDirectionStick.uasset" 311
"../../../Engine/Content/MobileResources/HUD/T_Castle_ThumbstickInner.uasset" 312
"../../../Engine/Content/MobileResources/HUD/T_Castle_ThumbstickOutter.uasset" 313
"../../../Engine/Content/Tutorial/ContentIntroCurve.uasset" 314
"../../../Engine/Content/Tutorial/Basics/LevelEditorAttract.uasset" 315
"../../../Engine/Content/VREditor/TransformGizmo/TranslucentTransformGizmoMaterial.uasset" 316
"../../../Engine/Content/VREditor/LaserPointer/VR_LaserPower_01.uasset" 317
"../../../Engine/Content/VREditor/TransformGizmo/TransformGizmoMaterial.uasset" 318
"../../../Engine/Content/VREditor/TransformGizmo/BoundingBoxCorner.uasset" 319
"../../../Engine/Content/VREditor/TransformGizmo/BoundingBoxEdge.uasset" 320
"../../../Engine/Content/VREditor/TransformGizmo/PlaneTranslationHandle.uasset" 321
"../../../Engine/Content/VREditor/TransformGizmo/Xray.uasset" 322
"../../../Engine/Content/VREditor/TransformGizmo/Main.uasset" 323
"../../../Engine/Content/VREditor/TransformGizmo/SM_Sequencer_Key.uasset" 324
"../../../Engine/Content/VREditor/TransformGizmo/SM_Sequencer_Node.uasset" 325
"../../Plugins/2D/Paper2D/Content/DummySprite.uasset" 326
"../../Plugins/2D/Paper2D/Content/DefaultPaperTerrainMaterial.uasset" 327
"../../Plugins/2D/Paper2D/Content/MaskedUnlitSpriteMaterial.uasset" 328
"../../../Engine/Content/Functions/Engine_MaterialFunctions02/ObjectLocalBounds.uasset" 329
"../../../Engine/Content/Functions/Engine_MaterialFunctions02/Utility/BreakOutFloat3Components.uasset" 330
"../../Plugins/Editor/SpeedTreeImporter/Content/SpeedTree9/UnpackInteger3.uasset" 331
"../../Plugins/Editor/SpeedTreeImporter/Content/SpeedTree9/UnpackDirection.uasset" 332
"../../Plugins/Editor/SpeedTreeImporter/Content/SpeedTree9/game_wind_noise.uasset" 333
"../../../Engine/Content/Functions/Engine_MaterialFunctions02/SafeNormalize.uasset" 334
"../../Plugins/Editor/SpeedTreeImporter/Content/SpeedTree9/SpeedTreeWindMotion.uasset" 335
"../../Plugins/Editor/SpeedTreeImporter/Content/SpeedTree9/SpeedTreeBranchMotion.uasset" 336
"../../../Engine/Content/Functions/Engine_MaterialFunctions02/UVs/BoundingBoxBased_0-1_UVW.uasset" 337
"../../Plugins/Editor/SpeedTreeImporter/Content/SpeedTree9/SpeedTreeWind.uasset" 338
"../../Plugins/Editor/SpeedTreeImporter/Content/SpeedTree9/SpeedTreeBillboard.uasset" 339
"../../../Engine/Content/EngineResources/DefaultTexture.uasset" 340
"../../Plugins/Editor/SpeedTreeImporter/Content/SpeedTree9/SpeedTreeBillboardMaster.uasset" 341
"../../Plugins/Editor/SpeedTreeImporter/Content/SpeedTree9/SpeedTreeCameraFacing.uasset" 342
"../../Plugins/Editor/SpeedTreeImporter/Content/SpeedTree9/SpeedTreeMaster.uasset" 343
"../../../Engine/Content/BasicShapes/Cylinder.uasset" 344
"../../../Engine/Content/ArtTools/RenderToTexture/Materials/Debug/M_Emissive_Color.uasset" 345
"../../Plugins/Lumin/MagicLeapPassableWorld/Content/MagicLeapARPinInfoActor.uasset" 346
"../../../Engine/Content/Functions/Engine_MaterialFunctions02/Utility/BreakOutFloat4Components.uasset" 347
"../../../Engine/Content/Functions/Engine_MaterialFunctions02/Utility/MakeFloat3.uasset" 348
"../../Plugins/Runtime/Oculus/OculusVR/Content/Materials/OculusMR_ChromaKey.uasset" 349
"../../Plugins/Runtime/Oculus/OculusVR/Content/Materials/OculusMR_OpaqueColoredMaterial.uasset" 350
"../../Plugins/Runtime/Oculus/OculusVR/Content/Materials/PokeAHoleMaterial.uasset" 351
"D:/Users/shado/Documents/GitHub/test2D_Saferoom/Content/2dSideScroller/Textures/2DCharacter_RunAnimAtlas.uasset" 352
"D:/Users/shado/Documents/GitHub/test2D_Saferoom/Content/2dSideScroller/Sprites/RunFrames/RunCycle_1.uasset" 353
"D:/Users/shado/Documents/GitHub/test2D_Saferoom/Content/2dSideScroller/Sprites/RunFrames/RunCycle_10.uasset" 354
"D:/Users/shado/Documents/GitHub/test2D_Saferoom/Content/2dSideScroller/Sprites/RunFrames/RunCycle_13.uasset" 355
"D:/Users/shado/Documents/GitHub/test2D_Saferoom/Content/2dSideScroller/Sprites/RunFrames/RunCycle_14.uasset" 356
"D:/Users/shado/Documents/GitHub/test2D_Saferoom/Content/2dSideScroller/Sprites/RunFrames/RunCycle_15.uasset" 357
"D:/Users/shado/Documents/GitHub/test2D_Saferoom/Content/2dSideScroller/Sprites/RunFrames/RunCycle_16.uasset" 358
"D:/Users/shado/Documents/GitHub/test2D_Saferoom/Content/2dSideScroller/Sprites/RunFrames/RunCycle_2.uasset" 359
"D:/Users/shado/Documents/GitHub/test2D_Saferoom/Content/2dSideScroller/Sprites/RunFrames/RunCycle_3.uasset" 360
"D:/Users/shado/Documents/GitHub/test2D_Saferoom/Content/2dSideScroller/Sprites/RunFrames/RunCycle_4.uasset" 361
"D:/Users/shado/Documents/GitHub/test2D_Saferoom/Content/2dSideScroller/Sprites/RunFrames/RunCycle_5.uasset" 362
"D:/Users/shado/Documents/GitHub/test2D_Saferoom/Content/2dSideScroller/Sprites/RunFrames/RunCycle_6.uasset" 363
"D:/Users/shado/Documents/GitHub/test2D_Saferoom/Content/2dSideScroller/Sprites/RunFrames/RunCycle_7.uasset" 364
"D:/Users/shado/Documents/GitHub/test2D_Saferoom/Content/2dSideScroller/Sprites/RunFrames/RunCycle_8.uasset" 365
"D:/Users/shado/Documents/GitHub/test2D_Saferoom/Content/2dSideScroller/Sprites/RunFrames/RunCycle_12.uasset" 366
"D:/Users/shado/Documents/GitHub/test2D_Saferoom/Content/2dSideScroller/Sprites/RunFrames/RunCycle_9.uasset" 367
"D:/Users/shado/Documents/GitHub/test2D_Saferoom/Content/2dSideScroller/Sprites/RunFrames/RunCycle_11.uasset" 368
"D:/Users/shado/Documents/GitHub/test2D_Saferoom/Content/2DSideScroller/Sprites/RunningAnimation.uasset" 369
"D:/Users/shado/Documents/GitHub/test2D_Saferoom/Content/SAFEROOM/Blueprint/Player/2DSideScrollerCharacter.uasset" 370
"D:/Users/shado/Documents/GitHub/test2D_Saferoom/Content/2DSideScrollerBP/Blueprints/2DSideScrollerCharacter.uasset" 371
"D:/Users/shado/Documents/GitHub/test2D_Saferoom/Content/2DSideScrollerBP/Maps/2DSideScrollerExampleMap_BuiltData.uasset" 372
"../../../Engine/Content/MapTemplates/Bokeh_5Sides.uasset" 373
"../../../Engine/Content/MapTemplates/T_ScreenDirt02_w.uasset" 374
"D:/Users/shado/Documents/GitHub/test2D_Saferoom/Content/SAFEROOM/Blueprint/Player/2DSideScrollerGameMode.uasset" 375
"D:/Users/shado/Documents/GitHub/test2D_Saferoom/Content/2DSideScrollerBP/Blueprints/2DSideScrollerGameMode.uasset" 376
"D:/Users/shado/Documents/GitHub/test2D_Saferoom/Content/2dSideScroller/Textures/2DBackgroundBlockAtlas.uasset" 377
"D:/Users/shado/Documents/GitHub/test2D_Saferoom/Content/2DSideScroller/Sprites/Ledge.uasset" 378
"D:/Users/shado/Documents/GitHub/test2D_Saferoom/Content/2dSideScroller/Textures/2DBackground.uasset" 379
"../../Plugins/2D/Paper2D/Content/OpaqueUnlitSpriteMaterial.uasset" 380
"D:/Users/shado/Documents/GitHub/test2D_Saferoom/Content/2DSideScroller/Sprites/Background_Sprite.uasset" 381
"D:/Users/shado/Documents/GitHub/test2D_Saferoom/Content/2DSideScrollerBP/Maps/2DSideScrollerExampleMap.umap" 382
"D:/Users/shado/Documents/GitHub/test2D_Saferoom/Content/SAFEROOM/Levels/Main_Menu.umap" 383
"D:/Users/shado/Documents/GitHub/test2D_Saferoom/Content/Geometry/Meshes/CubeMaterial.uasset" 384
"D:/Users/shado/Documents/GitHub/test2D_Saferoom/Content/Geometry/Meshes/TemplateFloor.uasset" 385
"D:/Users/shado/Documents/GitHub/test2D_Saferoom/Content/SAFEROOM/SPRITES/Start_BG/Water_BG.uasset" 386
"D:/Users/shado/Documents/GitHub/test2D_Saferoom/Content/SAFEROOM/SPRITES/Start_BG/Water_BG_Sprite_0.uasset" 387
"D:/Users/shado/Documents/GitHub/test2D_Saferoom/Content/SAFEROOM/SPRITES/Start_BG/Start_Mid4.uasset" 388
"D:/Users/shado/Documents/GitHub/test2D_Saferoom/Content/SAFEROOM/SPRITES/Start_BG/Start_Mid4_Sprite_0.uasset" 389
"D:/Users/shado/Documents/GitHub/test2D_Saferoom/Content/SAFEROOM/SPRITES/Start_BG/Start_Mid4_2.uasset" 390
"D:/Users/shado/Documents/GitHub/test2D_Saferoom/Content/SAFEROOM/SPRITES/Start_BG/Start_Mid4_2_Sprite_0.uasset" 391
"D:/Users/shado/Documents/GitHub/test2D_Saferoom/Content/SAFEROOM/SPRITES/Start_BG/Start_Mid2.uasset" 392
"D:/Users/shado/Documents/GitHub/test2D_Saferoom/Content/SAFEROOM/SPRITES/Start_BG/Start_Mid2_Sprite_0.uasset" 393
"D:/Users/shado/Documents/GitHub/test2D_Saferoom/Content/SAFEROOM/SPRITES/Start_BG/Start_Front.uasset" 394
"D:/Users/shado/Documents/GitHub/test2D_Saferoom/Content/SAFEROOM/SPRITES/Start_BG/Start_Front_Sprite_0.uasset" 395
"D:/Users/shado/Documents/GitHub/test2D_Saferoom/Content/SAFEROOM/SPRITES/Start_BG/Start_BG.uasset" 396
"D:/Users/shado/Documents/GitHub/test2D_Saferoom/Content/SAFEROOM/SPRITES/Start_BG/Start_BG_Sprite_0.uasset" 397
"D:/Users/shado/Documents/GitHub/test2D_Saferoom/Content/SAFEROOM/SPRITES/Start_BG/Pendulum.uasset" 398
"D:/Users/shado/Documents/GitHub/test2D_Saferoom/Content/SAFEROOM/SPRITES/Start_BG/Pendulum_Sprite_0.uasset" 399
"D:/Users/shado/Documents/GitHub/test2D_Saferoom/Content/SAFEROOM/SPRITES/Start_BG/Hourglass.uasset" 400
"D:/Users/shado/Documents/GitHub/test2D_Saferoom/Content/SAFEROOM/SPRITES/Start_BG/Hourglass_Sprite_0.uasset" 401
"D:/Users/shado/Documents/GitHub/test2D_Saferoom/Content/SAFEROOM/SPRITES/Start_BG/Digital.uasset" 402
"D:/Users/shado/Documents/GitHub/test2D_Saferoom/Content/SAFEROOM/SPRITES/Start_BG/Digital_Sprite_0.uasset" 403
"D:/Users/shado/Documents/GitHub/test2D_Saferoom/Content/SAFEROOM/SPRITES/Start_BG/Clock.uasset" 404
"D:/Users/shado/Documents/GitHub/test2D_Saferoom/Content/SAFEROOM/SPRITES/Start_BG/Clock_Sprite_0.uasset" 405
"D:/Users/shado/Documents/GitHub/test2D_Saferoom/Content/SAFEROOM/SPRITES/SpriteSheets_SW/SW_Quad_Idle_Sheet_Sprite_9.uasset" 406
"D:/Users/shado/Documents/GitHub/test2D_Saferoom/Content/SAFEROOM/SPRITES/SpriteSheets_SW/SW_Quad_Idle_Sheet_Sprite_8.uasset" 407
"D:/Users/shado/Documents/GitHub/test2D_Saferoom/Content/SAFEROOM/SPRITES/SpriteSheets_SW/SW_Quad_Idle_Sheet_Sprite_7.uasset" 408
"D:/Users/shado/Documents/GitHub/test2D_Saferoom/Content/SAFEROOM/SPRITES/SpriteSheets_SW/SW_Quad_Idle_Sheet_Sprite_6.uasset" 409
"D:/Users/shado/Documents/GitHub/test2D_Saferoom/Content/SAFEROOM/SPRITES/SpriteSheets_SW/SW_Quad_Idle_Sheet_Sprite_5.uasset" 410
"D:/Users/shado/Documents/GitHub/test2D_Saferoom/Content/SAFEROOM/SPRITES/SpriteSheets_SW/SW_Quad_Idle_Sheet_Sprite_4.uasset" 411
"D:/Users/shado/Documents/GitHub/test2D_Saferoom/Content/SAFEROOM/SPRITES/SpriteSheets_SW/SW_Quad_Idle_Sheet_Sprite_3.uasset" 412
"D:/Users/shado/Documents/GitHub/test2D_Saferoom/Content/SAFEROOM/SPRITES/SpriteSheets_SW/SW_Quad_Idle_Sheet_Sprite_2.uasset" 413
"D:/Users/shado/Documents/GitHub/test2D_Saferoom/Content/SAFEROOM/SPRITES/SpriteSheets_SW/SW_Quad_Idle_Sheet_Sprite_11.uasset" 414
"D:/Users/shado/Documents/GitHub/test2D_Saferoom/Content/SAFEROOM/SPRITES/SpriteSheets_SW/SW_Quad_Idle_Sheet_Sprite_10.uasset" 415
"D:/Users/shado/Documents/GitHub/test2D_Saferoom/Content/SAFEROOM/SPRITES/SpriteSheets_SW/SW_Quad_Idle_Sheet_Sprite_1.uasset" 416
"D:/Users/shado/Documents/GitHub/test2D_Saferoom/Content/SAFEROOM/SPRITES/SpriteSheets_SW/SW_Quad_Idle_Sheet_Sprite_0.uasset" 417
"D:/Users/shado/Documents/GitHub/test2D_Saferoom/Content/SAFEROOM/SPRITES/SpriteSheets_SW/SW_Quad_Idle_Flip.uasset" 418
"D:/Users/shado/Documents/GitHub/test2D_Saferoom/Content/SAFEROOM/Levels/Start_LVL.umap" 419
"D:/Users/shado/Documents/GitHub/test2D_Saferoom/Content/SAFEROOM/Levels/Map_BulletHell_1.umap" 420
"../../../Engine/Content/MapTemplates/SM_Template_Map_Floor.uasset" 421
"D:/Users/shado/Documents/GitHub/test2D_Saferoom/Content/SAFEROOM/Levels/Saferoom_Test_2_BuiltData.uasset" 422
"D:/Users/shado/Documents/GitHub/test2D_Saferoom/Content/SAFEROOM/SPRITES/SpriteSheets_SW/SW_Bi_Idle_Sheet.uasset" 423
"D:/Users/shado/Documents/GitHub/test2D_Saferoom/Content/SAFEROOM/SPRITES/SpriteSheets_SW/SW_Bi_Idle_Sheet_Sprite_9.uasset" 424
"D:/Users/shado/Documents/GitHub/test2D_Saferoom/Content/SAFEROOM/SPRITES/SpriteSheets_SW/SW_Bi_Idle_Sheet_Sprite_8.uasset" 425
"D:/Users/shado/Documents/GitHub/test2D_Saferoom/Content/SAFEROOM/SPRITES/SpriteSheets_SW/SW_Bi_Idle_Sheet_Sprite_7.uasset" 426
"D:/Users/shado/Documents/GitHub/test2D_Saferoom/Content/SAFEROOM/SPRITES/SpriteSheets_SW/SW_Bi_Idle_Sheet_Sprite_6.uasset" 427
"D:/Users/shado/Documents/GitHub/test2D_Saferoom/Content/SAFEROOM/SPRITES/SpriteSheets_SW/SW_Bi_Idle_Sheet_Sprite_5.uasset" 428
"D:/Users/shado/Documents/GitHub/test2D_Saferoom/Content/SAFEROOM/SPRITES/SpriteSheets_SW/SW_Bi_Idle_Sheet_Sprite_4.uasset" 429
"D:/Users/shado/Documents/GitHub/test2D_Saferoom/Content/SAFEROOM/SPRITES/SpriteSheets_SW/SW_Bi_Idle_Sheet_Sprite_3.uasset" 430
"D:/Users/shado/Documents/GitHub/test2D_Saferoom/Content/SAFEROOM/SPRITES/SpriteSheets_SW/SW_Bi_Idle_Sheet_Sprite_2.uasset" 431
"D:/Users/shado/Documents/GitHub/test2D_Saferoom/Content/SAFEROOM/SPRITES/SpriteSheets_SW/SW_Bi_Idle_Sheet_Sprite_11.uasset" 432
"D:/Users/shado/Documents/GitHub/test2D_Saferoom/Content/SAFEROOM/SPRITES/SpriteSheets_SW/SW_Bi_Idle_Sheet_Sprite_10.uasset" 433
"D:/Users/shado/Documents/GitHub/test2D_Saferoom/Content/SAFEROOM/SPRITES/SpriteSheets_SW/SW_Bi_Idle_Sheet_Sprite_1.uasset" 434
"D:/Users/shado/Documents/GitHub/test2D_Saferoom/Content/SAFEROOM/SPRITES/SpriteSheets_SW/SW_Bi_Idle_Sheet_Sprite_0.uasset" 435
"D:/Users/shado/Documents/GitHub/test2D_Saferoom/Content/SAFEROOM/SPRITES/SpriteSheets_SW/SW_Bi_Idle_Flopbook.uasset" 436
"D:/Users/shado/Documents/GitHub/test2D_Saferoom/Content/SAFEROOM/Dialouge/NPC.uasset" 437
"D:/Users/shado/Documents/GitHub/test2D_Saferoom/Content/SAFEROOM/SPRITES/ClockRoom_BG/CLOCKROOM_MidGround_Still.uasset" 438
"D:/Users/shado/Documents/GitHub/test2D_Saferoom/Content/SAFEROOM/SPRITES/ClockRoom_BG/CLOCKROOM_MidGround_Still_Sprite_0.uasset" 439
"D:/Users/shado/Documents/GitHub/test2D_Saferoom/Content/SAFEROOM/SPRITES/ClockRoom_BG/CLOCKROOM_FrontLayer.uasset" 440
"D:/Users/shado/Documents/GitHub/test2D_Saferoom/Content/SAFEROOM/SPRITES/ClockRoom_BG/CLOCKROOM_FrontLayer_Sprite_0.uasset" 441
"D:/Users/shado/Documents/GitHub/test2D_Saferoom/Content/SAFEROOM/SPRITES/ClockRoom_BG/CLOCKROOM_BG.uasset" 442
"D:/Users/shado/Documents/GitHub/test2D_Saferoom/Content/SAFEROOM/SPRITES/ClockRoom_BG/CLOCKROOM_BG_Sprite_0.uasset" 443
"D:/Users/shado/Documents/GitHub/test2D_Saferoom/Content/SAFEROOM/SPRITES/ClockRoom_BG/CLOCKROOM_BG_Sprite_0_Blueprint.uasset" 444
"D:/Users/shado/Documents/GitHub/test2D_Saferoom/Content/SAFEROOM/Blueprint/Cylinder.uasset" 445
"D:/Users/shado/Documents/GitHub/test2D_Saferoom/Content/SAFEROOM/Blueprint/BP_Enemy.uasset" 446
"D:/Users/shado/Documents/GitHub/test2D_Saferoom/Content/SAFEROOM/Blueprint/BPC_Rotator.uasset" 447
"D:/Users/shado/Documents/GitHub/test2D_Saferoom/Content/SAFEROOM/Blueprint/BP_Clockhand.uasset" 448
"D:/Users/shado/Documents/GitHub/test2D_Saferoom/Content/SAFEROOM/SPRITES/ClockRoom_BG/CLOCKROOM_BG_clouds_Sprite_0.uasset" 449
"D:/Users/shado/Documents/GitHub/test2D_Saferoom/Content/SAFEROOM/SPRITES/ClockRoom_BG/CLOCKROOM_BackBridge.uasset" 450
"D:/Users/shado/Documents/GitHub/test2D_Saferoom/Content/SAFEROOM/SPRITES/ClockRoom_BG/CLOCKROOM_BackBridge_Sprite_0.uasset" 451
"D:/Users/shado/Documents/GitHub/test2D_Saferoom/Content/SAFEROOM/Levels/Saferoom_Test_2.umap" 452
"../../../Engine/Content/EngineSky/T_Sky_Stars.uasset" 453
"../../../Engine/Content/EngineSky/T_Sky_Clouds_M.uasset" 454
"../../../Engine/Content/EngineSky/T_Sky_Blue.uasset" 455
"../../../Engine/Content/EngineSky/M_Sky_Panning_Clouds2.uasset" 456
"D:/Users/shado/Documents/GitHub/test2D_Saferoom/Content/ThirdPersonBP/Maps/ThirdPersonExampleMap_BuiltData.uasset" 457
"../../../Engine/Content/EngineSky/SM_SkySphere.uasset" 458
"../../../Engine/Content/EngineSky/C_Sky_Zenith_Color.uasset" 459
"../../../Engine/Content/EngineSky/C_Sky_Horizon_Color.uasset" 460
"../../../Engine/Content/EngineSky/C_Sky_Cloud_Color.uasset" 461
"../../../Engine/Content/EngineSky/BP_Sky_Sphere.uasset" 462
"D:/Users/shado/Documents/GitHub/test2D_Saferoom/Content/ThirdPerson/Meshes/RampMaterial.uasset" 463
"D:/Users/shado/Documents/GitHub/test2D_Saferoom/Content/ThirdPerson/Meshes/RightArm_StaticMesh.uasset" 464
"D:/Users/shado/Documents/GitHub/test2D_Saferoom/Content/ThirdPerson/Meshes/Ramp_StaticMesh.uasset" 465
"D:/Users/shado/Documents/GitHub/test2D_Saferoom/Content/ThirdPerson/Meshes/Linear_Stair_StaticMesh.uasset" 466
"D:/Users/shado/Documents/GitHub/test2D_Saferoom/Content/ThirdPerson/Meshes/LeftArm_StaticMesh.uasset" 467
"D:/Users/shado/Documents/GitHub/test2D_Saferoom/Content/ThirdPerson/Meshes/Bump_StaticMesh.uasset" 468
"D:/Users/shado/Documents/GitHub/test2D_Saferoom/Content/Geometry/Meshes/1M_Cube_Chamfer.uasset" 469
"D:/Users/shado/Documents/GitHub/test2D_Saferoom/Content/Geometry/Meshes/1M_Cube.uasset" 470
"D:/Users/shado/Documents/GitHub/test2D_Saferoom/Content/ThirdPersonBP/Maps/ThirdPersonExampleMap.umap" 471
